# JRE version: OpenJDK Runtime Environment Temurin-17.0.5+8 (17.0.5+8) (build 17.0.5+8)
# Java VM: OpenJDK 64-Bit Server VM Temurin-17.0.5+8 (17.0.5+8, mixed mode, sharing, tiered, compressed oops, compressed class ptrs, g1 gc, windows-amd64)
GC Precious Log:
 CPUs: 12 total, 12 available
 Memory: 16253M
 Large Page Support: Disabled
 NUMA Support: Disabled
 Compressed Oops: Enabled (Zero based)
 Heap Region Size: 2M
 Heap Min Capacity: 8M
 Heap Initial Capacity: 254M
 Heap Max Capacity: 4064M
 Pre-touch: Disabled
 Parallel Workers: 10
 Concurrent Workers: 3
 Concurrent Refinement Workers: 10
 Periodic GC: Disabled
Heap:
 garbage-first heap   total 423936K, used 349035K [0x0000000702000000, 0x0000000800000000)
  region size 2048K, 53 young (108544K), 4 survivors (8192K)
 Metaspace       used 9887K, committed 10112K, reserved 1064960K
  class space    used 997K, committed 1152K, reserved 1048576K
GC Heap History (20 events):
Event: 0.394 GC heap before
{Heap before GC invocations=0 (full 0):
 garbage-first heap   total 260096K, used 22528K [0x0000000702000000, 0x0000000800000000)
  region size 2048K, 11 young (22528K), 0 survivors (0K)
 Metaspace       used 5834K, committed 6080K, reserved 1056768K
  class space    used 596K, committed 704K, reserved 1048576K
}
Event: 0.397 GC heap after
{Heap after GC invocations=1 (full 0):
 garbage-first heap   total 260096K, used 2367K [0x0000000702000000, 0x0000000800000000)
  region size 2048K, 2 young (4096K), 2 survivors (4096K)
 Metaspace       used 5834K, committed 6080K, reserved 1056768K
  class space    used 596K, committed 704K, reserved 1048576K
}
Event: 0.519 GC heap before
{Heap before GC invocations=1 (full 0):
 garbage-first heap   total 260096K, used 35135K [0x0000000702000000, 0x0000000800000000)
  region size 2048K, 18 young (36864K), 2 survivors (4096K)
 Metaspace       used 6558K, committed 6784K, reserved 1056768K
  class space    used 678K, committed 768K, reserved 1048576K
}
Event: 0.522 GC heap after
{Heap after GC invocations=2 (full 0):
 garbage-first heap   total 260096K, used 4227K [0x0000000702000000, 0x0000000800000000)
  region size 2048K, 3 young (6144K), 3 survivors (6144K)
 Metaspace       used 6558K, committed 6784K, reserved 1056768K
  class space    used 678K, committed 768K, reserved 1048576K
}
Event: 0.707 GC heap before
{Heap before GC invocations=2 (full 0):
 garbage-first heap   total 260096K, used 145539K [0x0000000702000000, 0x0000000800000000)
  region size 2048K, 18 young (36864K), 3 survivors (6144K)
 Metaspace       used 6633K, committed 6848K, reserved 1056768K
  class space    used 683K, committed 768K, reserved 1048576K
}
Event: 0.709 GC heap after
{Heap after GC invocations=3 (full 0):
 garbage-first heap   total 260096K, used 117060K [0x0000000702000000, 0x0000000800000000)
  region size 2048K, 3 young (6144K), 3 survivors (6144K)
 Metaspace       used 6633K, committed 6848K, reserved 1056768K
  class space    used 683K, committed 768K, reserved 1048576K
}
Event: 0.744 GC heap before
{Heap before GC invocations=3 (full 0):
 garbage-first heap   total 260096K, used 139588K [0x0000000702000000, 0x0000000800000000)
  region size 2048K, 4 young (8192K), 3 survivors (6144K)
 Metaspace       used 6633K, committed 6848K, reserved 1056768K
  class space    used 683K, committed 768K, reserved 1048576K
}
Event: 0.746 GC heap after
{Heap after GC invocations=4 (full 0):
 garbage-first heap   total 260096K, used 139646K [0x0000000702000000, 0x0000000800000000)
  region size 2048K, 3 young (6144K), 3 survivors (6144K)
 Metaspace       used 6633K, committed 6848K, reserved 1056768K
  class space    used 683K, committed 768K, reserved 1048576K
}
Event: 0.785 GC heap before
{Heap before GC invocations=5 (full 0):
 garbage-first heap   total 274432K, used 162174K [0x0000000702000000, 0x0000000800000000)
  region size 2048K, 4 young (8192K), 3 survivors (6144K)
 Metaspace       used 6633K, committed 6848K, reserved 1056768K
  class space    used 683K, committed 768K, reserved 1048576K
}
Event: 0.787 GC heap after
{Heap after GC invocations=6 (full 0):
 garbage-first heap   total 274432K, used 162188K [0x0000000702000000, 0x0000000800000000)
  region size 2048K, 3 young (6144K), 3 survivors (6144K)
 Metaspace       used 6633K, committed 6848K, reserved 1056768K
  class space    used 683K, committed 768K, reserved 1048576K
}
Event: 0.832 GC heap before
{Heap before GC invocations=7 (full 0):
 garbage-first heap   total 311296K, used 184716K [0x0000000702000000, 0x0000000800000000)
  region size 2048K, 4 young (8192K), 3 survivors (6144K)
 Metaspace       used 6633K, committed 6848K, reserved 1056768K
  class space    used 683K, committed 768K, reserved 1048576K
}
Event: 0.835 GC heap after
{Heap after GC invocations=8 (full 0):
 garbage-first heap   total 311296K, used 184549K [0x0000000702000000, 0x0000000800000000)
  region size 2048K, 3 young (6144K), 3 survivors (6144K)
 Metaspace       used 6633K, committed 6848K, reserved 1056768K
  class space    used 683K, committed 768K, reserved 1048576K
}
Event: 0.885 GC heap before
{Heap before GC invocations=9 (full 0):
 garbage-first heap   total 348160K, used 207077K [0x0000000702000000, 0x0000000800000000)
  region size 2048K, 4 young (8192K), 3 survivors (6144K)
 Metaspace       used 6633K, committed 6848K, reserved 1056768K
  class space    used 683K, committed 768K, reserved 1048576K
}
Event: 0.887 GC heap after
{Heap after GC invocations=10 (full 0):
 garbage-first heap   total 348160K, used 207149K [0x0000000702000000, 0x0000000800000000)
  region size 2048K, 3 young (6144K), 3 survivors (6144K)
 Metaspace       used 6633K, committed 6848K, reserved 1056768K
  class space    used 683K, committed 768K, reserved 1048576K
}
Event: 1.097 GC heap before
{Heap before GC invocations=11 (full 0):
 garbage-first heap   total 387072K, used 239917K [0x0000000702000000, 0x0000000800000000)
  region size 2048K, 9 young (18432K), 3 survivors (6144K)
 Metaspace       used 7869K, committed 8064K, reserved 1056768K
  class space    used 860K, committed 960K, reserved 1048576K
}
Event: 1.101 GC heap after
{Heap after GC invocations=12 (full 0):
 garbage-first heap   total 387072K, used 231692K [0x0000000702000000, 0x0000000800000000)
  region size 2048K, 4 young (8192K), 4 survivors (8192K)
 Metaspace       used 7869K, committed 8064K, reserved 1056768K
  class space    used 860K, committed 960K, reserved 1048576K
}
Event: 1.107 GC heap before
{Heap before GC invocations=13 (full 0):
 garbage-first heap   total 399360K, used 237836K [0x0000000702000000, 0x0000000800000000)
  region size 2048K, 6 young (12288K), 4 survivors (8192K)
 Metaspace       used 7881K, committed 8064K, reserved 1056768K
  class space    used 861K, committed 960K, reserved 1048576K
}
Event: 1.111 GC heap after
{Heap after GC invocations=14 (full 0):
 garbage-first heap   total 399360K, used 236064K [0x0000000702000000, 0x0000000800000000)
  region size 2048K, 4 young (8192K), 4 survivors (8192K)
 Metaspace       used 7881K, committed 8064K, reserved 1056768K
  class space    used 861K, committed 960K, reserved 1048576K
}
Event: 2.563 GC heap before
{Heap before GC invocations=15 (full 0):
 garbage-first heap   total 407552K, used 244256K [0x0000000702000000, 0x0000000800000000)
  region size 2048K, 7 young (14336K), 4 survivors (8192K)
 Metaspace       used 8609K, committed 8832K, reserved 1056768K
  class space    used 933K, committed 1024K, reserved 1048576K
}
Event: 2.566 GC heap after
{Heap after GC invocations=16 (full 0):
 garbage-first heap   total 407552K, used 240491K [0x0000000702000000, 0x0000000800000000)
  region size 2048K, 4 young (8192K), 4 survivors (8192K)
 Metaspace       used 8609K, committed 8832K, reserved 1056768K
  class space    used 933K, committed 1024K, reserved 1048576K
}

